<?xml version="1.0" encoding="UTF-8"?>
<!-- RSM Report File - Generated by the RSM Wizard -->
<Report>
<Filename>C:\Users\nayan\OneDrive\Documents\566\Homework 5 CSE 566\report.rpt</Filename>
<Name>Report_example</Name>
<PrintTopMargin>5</PrintTopMargin>
<PrintLeftMargin>10</PrintLeftMargin>
<PrintPageLength>55</PrintPageLength>
<PrintLineLength>80</PrintLineLength>
<PrintHeaderString>RSM Source Code Print</PrintHeaderString>
<UserConfigFile>C:\Users\nayan\M2 RSM Wizard\config\my_rsm.cfg</UserConfigFile>
<UserXslFile>C:\Users\nayan\M2 RSM Wizard\config\my_report.xsl</UserXslFile>
<WorkFileBaseline>c:\</WorkFileBaseline>
<WorkFileDat>C:\Users\nayan\M2 RSM Wizard\workfiles\my_workfile.dat</WorkFileDat>
<WorkFileCfg>C:\Users\nayan\M2 RSM Wizard\workfiles\my_workfile.cfg</WorkFileCfg>
<WorkFileOld>C:\Users\nayan\M2 RSM Wizard\workfiles\older_workfile.dat</WorkFileOld>
<WorkFileNew>C:\Users\nayan\M2 RSM Wizard\workfiles\newer_workfile.dat</WorkFileNew>
<Lock>false</Lock>
<Prompt>false</Prompt>
<Switch>0:Text</Switch>
</Report>
